<?xml version="1.0" encoding="UTF-8"?>
<!-- Generated by org.testng.reporters.JUnitReportReporter -->
<testsuite hostname="yeshs-Mac-mini.local" failures="0" tests="3" name="deals.Createdeal" time="195.246" errors="0" timestamp="2024-11-27T12:57:58 IST" skipped="0">
  <testcase classname="deals.Createdeal" name="createdealBybusinessUserAndAdminDeclineThedealWithoutReasonForDecline" time="64.670"/>
  <testcase classname="deals.Createdeal" name="createdealBybusinessUserAndAdminDeclineThedealWithReasonForDecline" time="63.940"/>
  <testcase classname="deals.Createdeal" name="createdealBybusinessUserAndAdminApprovesThedeal" time="66.636"/>
</testsuite> <!-- deals.Createdeal -->
