<?xml version="1.0" encoding="UTF-8"?>
<!-- Generated by org.testng.reporters.JUnitReportReporter -->
<testsuite hostname="yeshs-Mac-mini.local" failures="0" tests="1" name="businessUser.DailyDeals" time="59.871" errors="0" timestamp="2024-11-27T17:55:43 IST" skipped="0">
  <testcase classname="businessUser.DailyDeals" name="createDailyDealBybusinessUserAndAdminDeclineThedealWithoutReasonForDecline" time="59.871"/>
</testsuite> <!-- businessUser.DailyDeals -->
