<?xml version="1.0" encoding="UTF-8"?>
<!-- Generated by org.testng.reporters.JUnitReportReporter -->
<testsuite hostname="yeshs-Mac-mini.local" failures="0" tests="1" name="businessUser.Createdeal" time="63.147" errors="0" timestamp="2024-11-27T17:26:14 IST" skipped="0">
  <testcase classname="businessUser.Createdeal" name="createdealBybusinessUserAndAdminDeclineThedealWithoutReasonForDecline" time="63.147"/>
</testsuite> <!-- businessUser.Createdeal -->
